<?xml version="1.0" encoding="UTF-8"?>
<!-- Generated by org.testng.reporters.JUnitXMLReporter -->
<testsuite ignored="3" hostname="LAPTOP-21INO1K8" failures="1" tests="1" name="test(failed)" time="0.139" errors="0" timestamp="2024-09-23T15:19:55 IST">
  <testcase classname="Test_XML_Use.Sample" name="c" time="0.031">
    <failure type="java.lang.AssertionError" message="null">
      <![CDATA[java.lang.AssertionError: null
at Test_XML_Use.Sample.c(Sample.java:21)
at java.base/java.util.ArrayList.forEach(ArrayList.java:1597)
... Removed 27 stack frames]]>
    </failure>
  </testcase> <!-- c -->
  <testcase classname="Test_XML_Use.Sample" name="a" time="0.0">
    <ignored/>
  </testcase> <!-- a -->
  <testcase classname="Test_XML_Use.Sample" name="d" time="0.0">
    <ignored/>
  </testcase> <!-- d -->
  <testcase classname="Test_XML_Use.Sample" name="b" time="0.0">
    <ignored/>
  </testcase> <!-- b -->
</testsuite> <!-- test(failed) -->
