<?xml version="1.0" encoding="UTF-8"?>
<!-- Generated by org.testng.reporters.JUnitXMLReporter -->
<testsuite ignored="3" hostname="LAPTOP-21INO1K8" failures="0" tests="1" name="test(failed)(failed)" time="0.112" errors="0" timestamp="2024-09-23T15:21:14 IST">
  <testcase classname="Test_XML_Use.Sample" name="c" time="0.02"/>
  <testcase classname="Test_XML_Use.Sample" name="a" time="0.0">
    <ignored/>
  </testcase> <!-- a -->
  <testcase classname="Test_XML_Use.Sample" name="d" time="0.0">
    <ignored/>
  </testcase> <!-- d -->
  <testcase classname="Test_XML_Use.Sample" name="b" time="0.0">
    <ignored/>
  </testcase> <!-- b -->
</testsuite> <!-- test(failed)(failed) -->
