<?xml version="1.0" encoding="UTF-8"?>
<testng-results ignored="0" total="1" passed="1" failed="0" skipped="0">
  <reporter-output>
    <line>
      <![CDATA[Launch Browser]]>
    </line>
    <line>
      <![CDATA[waiting...]]>
    </line>
    <line>
      <![CDATA[click on next button...]]>
    </line>
    <line>
      <![CDATA[Handling age dropDown...]]>
    </line>
    <line>
      <![CDATA[click on next button...]]>
    </line>
    <line>
      <![CDATA[Enter a pinCode]]>
    </line>
    <line>
      <![CDATA[Enter the mobile number...]]>
    </line>
    <line>
      <![CDATA[Click on continue button.... ]]>
    </line>
    <line>
      <![CDATA[Getting policy count from text Result...]]>
    </line>
    <line>
      <![CDATA[Getting count from Banner...]]>
    </line>
    <line>
      <![CDATA[closing browser]]>
    </line>
  </reporter-output>
  <suite started-at="2024-10-07T17:43:27 IST" name="Default suite" finished-at="2024-10-07T17:43:42 IST" duration-ms="14870">
    <groups>
    </groups>
    <test started-at="2024-10-07T17:43:27 IST" name="Default test" finished-at="2024-10-07T17:43:42 IST" duration-ms="14870">
      <class name="coverFoxTest.TC_123_CoverFox_ValidateBannnerCount">
        <test-method is-config="true" signature="openApplication()[pri:0, instance:coverFoxTest.TC_123_CoverFox_ValidateBannnerCount@15043a2f]" started-at="2024-10-07T17:43:27 IST" name="openApplication" finished-at="2024-10-07T17:43:30 IST" duration-ms="3022" status="PASS">
          <reporter-output>
            <line>
              <![CDATA[Launch Browser]]>
            </line>
            <line>
              <![CDATA[waiting...]]>
            </line>
          </reporter-output>
        </test-method> <!-- openApplication -->
        <test-method is-config="true" signature="enterDetail()[pri:0, instance:coverFoxTest.TC_123_CoverFox_ValidateBannnerCount@15043a2f]" started-at="2024-10-07T17:43:30 IST" name="enterDetail" finished-at="2024-10-07T17:43:40 IST" duration-ms="9784" status="PASS">
          <reporter-output>
            <line>
              <![CDATA[click on next button...]]>
            </line>
            <line>
              <![CDATA[Handling age dropDown...]]>
            </line>
            <line>
              <![CDATA[click on next button...]]>
            </line>
            <line>
              <![CDATA[Enter a pinCode]]>
            </line>
            <line>
              <![CDATA[Enter the mobile number...]]>
            </line>
            <line>
              <![CDATA[Click on continue button.... ]]>
            </line>
          </reporter-output>
        </test-method> <!-- enterDetail -->
        <test-method signature="validatePolicyCount()[pri:0, instance:coverFoxTest.TC_123_CoverFox_ValidateBannnerCount@15043a2f]" started-at="2024-10-07T17:43:40 IST" name="validatePolicyCount" finished-at="2024-10-07T17:43:40 IST" duration-ms="86" status="PASS">
          <reporter-output>
            <line>
              <![CDATA[Getting policy count from text Result...]]>
            </line>
            <line>
              <![CDATA[Getting count from Banner...]]>
            </line>
          </reporter-output>
        </test-method> <!-- validatePolicyCount -->
        <test-method is-config="true" signature="closeApplication()[pri:0, instance:coverFoxTest.TC_123_CoverFox_ValidateBannnerCount@15043a2f]" started-at="2024-10-07T17:43:40 IST" name="closeApplication" finished-at="2024-10-07T17:43:42 IST" duration-ms="1886" status="PASS">
          <reporter-output>
            <line>
              <![CDATA[closing browser]]>
            </line>
          </reporter-output>
        </test-method> <!-- closeApplication -->
      </class> <!-- coverFoxTest.TC_123_CoverFox_ValidateBannnerCount -->
    </test> <!-- Default test -->
  </suite> <!-- Default suite -->
</testng-results>
